This file contains any messages produced by compilers while
running configure, to aid debugging if configure makes a mistake.

It was created by voxelizer configure 0.1.0, which was
generated by GNU Autoconf 2.69.  Invocation command line was

  $ ./configure 

## --------- ##
## Platform. ##
## --------- ##

hostname = Raymonds-MacBook-Pro.local
uname -m = x86_64
uname -r = 15.4.0
uname -s = Darwin
uname -v = Darwin Kernel Version 15.4.0: Fri Feb 26 22:08:05 PST 2016; root:xnu-3248.40.184~3/RELEASE_X86_64

/usr/bin/uname -p = i386
/bin/uname -X     = unknown

/bin/arch              = unknown
/usr/bin/arch -k       = unknown
/usr/convex/getsysinfo = unknown
/usr/bin/hostinfo      = Mach kernel version:
	 Darwin Kernel Version 15.4.0: Fri Feb 26 22:08:05 PST 2016; root:xnu-3248.40.184~3/RELEASE_X86_64
Kernel configured for up to 4 processors.
2 processors are physically available.
4 processors are logically available.
Processor type: x86_64h (Intel x86-64h Haswell)
Processors active: 0 1 2 3
Primary memory available: 8.00 gigabytes
Default processor set: 273 tasks, 1520 threads, 4 processors
Load average: 2.34, Mach factor: 1.66
/bin/machine           = unknown
/usr/bin/oslevel       = unknown
/bin/universe          = unknown

PATH: /Library/Frameworks/Python.framework/Versions/2.7/bin
PATH: /usr/local/bin
PATH: /usr/bin
PATH: /bin
PATH: /usr/sbin
PATH: /sbin
PATH: /opt/X11/bin
PATH: /usr/local/smlnj-110.79/bin/sml
PATH: /Library/Frameworks/Python.framework/Versions/2.7/bin
PATH: /usr/local/smlnj-110.79/bin/sml


## ----------- ##
## Core tests. ##
## ----------- ##

configure:1905: checking for a BSD-compatible install
configure:1973: result: /usr/bin/install -c
configure:1984: checking whether build environment is sane
configure:2039: result: yes
configure:2190: checking for a thread-safe mkdir -p
configure:2229: result: ./install-sh -c -d
configure:2236: checking for gawk
configure:2266: result: no
configure:2236: checking for mawk
configure:2266: result: no
configure:2236: checking for nawk
configure:2266: result: no
configure:2236: checking for awk
configure:2252: found /usr/bin/awk
configure:2263: result: awk
configure:2274: checking whether make sets $(MAKE)
configure:2296: result: yes
configure:2325: checking whether make supports nested variables
configure:2342: result: yes
configure:2518: checking for gcc
configure:2534: found /usr/bin/gcc
configure:2545: result: gcc
configure:2774: checking for C compiler version
configure:2783: gcc --version >&5
Apple LLVM version 7.3.0 (clang-703.0.31)
Target: x86_64-apple-darwin15.4.0
Thread model: posix
InstalledDir: /Applications/Xcode.app/Contents/Developer/Toolchains/XcodeDefault.xctoolchain/usr/bin
Configured with: --prefix=/Applications/Xcode.app/Contents/Developer/usr --with-gxx-include-dir=/usr/include/c++/4.2.1
configure:2794: $? = 0
configure:2783: gcc -v >&5
Configured with: --prefix=/Applications/Xcode.app/Contents/Developer/usr --with-gxx-include-dir=/usr/include/c++/4.2.1
Apple LLVM version 7.3.0 (clang-703.0.31)
Target: x86_64-apple-darwin15.4.0
Thread model: posix
InstalledDir: /Applications/Xcode.app/Contents/Developer/Toolchains/XcodeDefault.xctoolchain/usr/bin
configure:2794: $? = 0
configure:2783: gcc -V >&5
clang: error: argument to '-V' is missing (expected 1 value)
clang: error: no input files
configure:2794: $? = 1
configure:2783: gcc -qversion >&5
clang: error: unknown argument: '-qversion'
clang: error: no input files
configure:2794: $? = 1
configure:2814: checking whether the C compiler works
configure:2836: gcc    conftest.c  >&5
configure:2840: $? = 0
configure:2888: result: yes
configure:2891: checking for C compiler default output file name
configure:2893: result: a.out
configure:2899: checking for suffix of executables
configure:2906: gcc -o conftest    conftest.c  >&5
configure:2910: $? = 0
configure:2932: result: 
configure:2954: checking whether we are cross compiling
configure:2962: gcc -o conftest    conftest.c  >&5
configure:2966: $? = 0
configure:2973: ./conftest
configure:2977: $? = 0
configure:2992: result: no
configure:2997: checking for suffix of object files
configure:3019: gcc -c   conftest.c >&5
configure:3023: $? = 0
configure:3044: result: o
configure:3048: checking whether we are using the GNU C compiler
configure:3067: gcc -c   conftest.c >&5
configure:3067: $? = 0
configure:3076: result: yes
configure:3085: checking whether gcc accepts -g
configure:3105: gcc -c -g  conftest.c >&5
configure:3105: $? = 0
configure:3146: result: yes
configure:3163: checking for gcc option to accept ISO C89
configure:3226: gcc  -c -g -O2  conftest.c >&5
configure:3226: $? = 0
configure:3239: result: none needed
configure:3264: checking whether gcc understands -c and -o together
configure:3286: gcc -c conftest.c -o conftest2.o
configure:3289: $? = 0
configure:3286: gcc -c conftest.c -o conftest2.o
configure:3289: $? = 0
configure:3301: result: yes
configure:3329: checking for style of include used by make
configure:3357: result: GNU
configure:3383: checking dependency style of gcc
configure:3494: result: gcc3
configure:3563: checking for pkg-config
configure:3581: found /usr/local/bin/pkg-config
configure:3593: result: /usr/local/bin/pkg-config
configure:3618: checking pkg-config is at least version 0.9.0
configure:3621: result: yes
configure:3631: checking for libpng
configure:3638: $PKG_CONFIG --exists --print-errors "libpng >= $PNG_REQUIRED_VERSION"
configure:3641: $? = 0
configure:3655: $PKG_CONFIG --exists --print-errors "libpng >= $PNG_REQUIRED_VERSION"
configure:3658: $? = 0
configure:3716: result: yes
configure:3722: checking for zlib
configure:3729: $PKG_CONFIG --exists --print-errors "zlib >= $ZLIB_REQUIRED_VERSION"
configure:3732: $? = 0
configure:3746: $PKG_CONFIG --exists --print-errors "zlib >= $ZLIB_REQUIRED_VERSION"
configure:3749: $? = 0
configure:3807: result: yes
configure:3873: checking for g++
configure:3889: found /usr/bin/g++
configure:3900: result: g++
configure:3927: checking for C++ compiler version
configure:3936: g++ --version >&5
Apple LLVM version 7.3.0 (clang-703.0.31)
Target: x86_64-apple-darwin15.4.0
Thread model: posix
InstalledDir: /Applications/Xcode.app/Contents/Developer/Toolchains/XcodeDefault.xctoolchain/usr/bin
Configured with: --prefix=/Applications/Xcode.app/Contents/Developer/usr --with-gxx-include-dir=/usr/include/c++/4.2.1
configure:3947: $? = 0
configure:3936: g++ -v >&5
Configured with: --prefix=/Applications/Xcode.app/Contents/Developer/usr --with-gxx-include-dir=/usr/include/c++/4.2.1
Apple LLVM version 7.3.0 (clang-703.0.31)
Target: x86_64-apple-darwin15.4.0
Thread model: posix
InstalledDir: /Applications/Xcode.app/Contents/Developer/Toolchains/XcodeDefault.xctoolchain/usr/bin
configure:3947: $? = 0
configure:3936: g++ -V >&5
clang: error: argument to '-V' is missing (expected 1 value)
clang: error: no input files
configure:3947: $? = 1
configure:3936: g++ -qversion >&5
clang: error: unknown argument: '-qversion'
clang: error: no input files
configure:3947: $? = 1
configure:3951: checking whether we are using the GNU C++ compiler
configure:3970: g++ -c   conftest.cpp >&5
configure:3970: $? = 0
configure:3979: result: yes
configure:3988: checking whether g++ accepts -g
configure:4008: g++ -c -g  conftest.cpp >&5
configure:4008: $? = 0
configure:4049: result: yes
configure:4074: checking dependency style of g++
configure:4185: result: gcc3
configure:4347: checking that generated files are newer than configure
configure:4353: result: done
configure:4380: creating ./config.status

## ---------------------- ##
## Running config.status. ##
## ---------------------- ##

This file was extended by voxelizer config.status 0.1.0, which was
generated by GNU Autoconf 2.69.  Invocation command line was

  CONFIG_FILES    = 
  CONFIG_HEADERS  = 
  CONFIG_LINKS    = 
  CONFIG_COMMANDS = 
  $ ./config.status 

on Raymonds-MacBook-Pro.local

config.status:785: creating Makefile
config.status:957: executing depfiles commands

## ---------------- ##
## Cache variables. ##
## ---------------- ##

ac_cv_c_compiler_gnu=yes
ac_cv_cxx_compiler_gnu=yes
ac_cv_env_CCC_set=
ac_cv_env_CCC_value=
ac_cv_env_CC_set=
ac_cv_env_CC_value=
ac_cv_env_CFLAGS_set=
ac_cv_env_CFLAGS_value=
ac_cv_env_CPPFLAGS_set=
ac_cv_env_CPPFLAGS_value=
ac_cv_env_CXXFLAGS_set=
ac_cv_env_CXXFLAGS_value=
ac_cv_env_CXX_set=
ac_cv_env_CXX_value=
ac_cv_env_LDFLAGS_set=
ac_cv_env_LDFLAGS_value=
ac_cv_env_LIBS_set=
ac_cv_env_LIBS_value=
ac_cv_env_PKG_CONFIG_LIBDIR_set=
ac_cv_env_PKG_CONFIG_LIBDIR_value=
ac_cv_env_PKG_CONFIG_PATH_set=
ac_cv_env_PKG_CONFIG_PATH_value=
ac_cv_env_PKG_CONFIG_set=
ac_cv_env_PKG_CONFIG_value=
ac_cv_env_build_alias_set=
ac_cv_env_build_alias_value=
ac_cv_env_host_alias_set=
ac_cv_env_host_alias_value=
ac_cv_env_libpng_CFLAGS_set=
ac_cv_env_libpng_CFLAGS_value=
ac_cv_env_libpng_LIBS_set=
ac_cv_env_libpng_LIBS_value=
ac_cv_env_target_alias_set=
ac_cv_env_target_alias_value=
ac_cv_env_zlib_CFLAGS_set=
ac_cv_env_zlib_CFLAGS_value=
ac_cv_env_zlib_LIBS_set=
ac_cv_env_zlib_LIBS_value=
ac_cv_objext=o
ac_cv_path_ac_pt_PKG_CONFIG=/usr/local/bin/pkg-config
ac_cv_path_install='/usr/bin/install -c'
ac_cv_prog_AWK=awk
ac_cv_prog_ac_ct_CC=gcc
ac_cv_prog_ac_ct_CXX=g++
ac_cv_prog_cc_c89=
ac_cv_prog_cc_g=yes
ac_cv_prog_cxx_g=yes
ac_cv_prog_make_make_set=yes
am_cv_CC_dependencies_compiler_type=gcc3
am_cv_CXX_dependencies_compiler_type=gcc3
am_cv_make_support_nested_variables=yes
am_cv_prog_cc_c_o=yes
pkg_cv_libpng_CFLAGS=-I/usr/local/include/libpng16
pkg_cv_libpng_LIBS='-L/usr/local/lib -lpng16'
pkg_cv_zlib_CFLAGS=
pkg_cv_zlib_LIBS=-lz

## ----------------- ##
## Output variables. ##
## ----------------- ##

ACLOCAL='${SHELL} /Users/ray/src/voxelizer/missing aclocal-1.14'
AMDEPBACKSLASH='\'
AMDEP_FALSE='#'
AMDEP_TRUE=''
AMTAR='$${TAR-tar}'
AM_BACKSLASH='\'
AM_DEFAULT_V='$(AM_DEFAULT_VERBOSITY)'
AM_DEFAULT_VERBOSITY='1'
AM_V='$(V)'
AUTOCONF='${SHELL} /Users/ray/src/voxelizer/missing autoconf'
AUTOHEADER='${SHELL} /Users/ray/src/voxelizer/missing autoheader'
AUTOMAKE='${SHELL} /Users/ray/src/voxelizer/missing automake-1.14'
AWK='awk'
CC='gcc'
CCDEPMODE='depmode=gcc3'
CFLAGS='-g -O2'
CPPFLAGS=''
CXX='g++'
CXXDEPMODE='depmode=gcc3'
CXXFLAGS='-g -O2'
CYGPATH_W='echo'
DEFS='-DPACKAGE_NAME=\"voxelizer\" -DPACKAGE_TARNAME=\"voxelizer\" -DPACKAGE_VERSION=\"0.1.0\" -DPACKAGE_STRING=\"voxelizer\ 0.1.0\" -DPACKAGE_BUGREPORT=\"\" -DPACKAGE_URL=\"\" -DPACKAGE=\"voxelizer\" -DVERSION=\"0.1.0\"'
DEPDIR='.deps'
ECHO_C='\c'
ECHO_N=''
ECHO_T=''
EXEEXT=''
INSTALL_DATA='${INSTALL} -m 644'
INSTALL_PROGRAM='${INSTALL}'
INSTALL_SCRIPT='${INSTALL}'
INSTALL_STRIP_PROGRAM='$(install_sh) -c -s'
LDFLAGS=''
LIBOBJS=''
LIBS=''
LTLIBOBJS=''
MAKEINFO='${SHELL} /Users/ray/src/voxelizer/missing makeinfo'
MKDIR_P='./install-sh -c -d'
OBJEXT='o'
PACKAGE='voxelizer'
PACKAGE_BUGREPORT=''
PACKAGE_NAME='voxelizer'
PACKAGE_STRING='voxelizer 0.1.0'
PACKAGE_TARNAME='voxelizer'
PACKAGE_URL=''
PACKAGE_VERSION='0.1.0'
PATH_SEPARATOR=':'
PKG_CONFIG='/usr/local/bin/pkg-config'
PKG_CONFIG_LIBDIR=''
PKG_CONFIG_PATH=''
SET_MAKE=''
SHELL='/bin/sh'
STRIP=''
VERSION='0.1.0'
ac_ct_CC='gcc'
ac_ct_CXX='g++'
am__EXEEXT_FALSE=''
am__EXEEXT_TRUE='#'
am__fastdepCC_FALSE='#'
am__fastdepCC_TRUE=''
am__fastdepCXX_FALSE='#'
am__fastdepCXX_TRUE=''
am__include='include'
am__isrc=''
am__leading_dot='.'
am__nodep='_no'
am__quote=''
am__tar='$${TAR-tar} chof - "$$tardir"'
am__untar='$${TAR-tar} xf -'
bindir='${exec_prefix}/bin'
build_alias=''
datadir='${datarootdir}'
datarootdir='${prefix}/share'
docdir='${datarootdir}/doc/${PACKAGE_TARNAME}'
dvidir='${docdir}'
exec_prefix='${prefix}'
host_alias=''
htmldir='${docdir}'
includedir='${prefix}/include'
infodir='${datarootdir}/info'
install_sh='${SHELL} /Users/ray/src/voxelizer/install-sh'
libdir='${exec_prefix}/lib'
libexecdir='${exec_prefix}/libexec'
libpng_CFLAGS='-I/usr/local/include/libpng16'
libpng_LIBS='-L/usr/local/lib -lpng16'
localedir='${datarootdir}/locale'
localstatedir='${prefix}/var'
mandir='${datarootdir}/man'
mkdir_p='$(MKDIR_P)'
oldincludedir='/usr/include'
pdfdir='${docdir}'
prefix='/usr/local'
program_transform_name='s,x,x,'
psdir='${docdir}'
sbindir='${exec_prefix}/sbin'
sharedstatedir='${prefix}/com'
sysconfdir='${prefix}/etc'
target_alias=''
zlib_CFLAGS=''
zlib_LIBS='-lz'

## ----------- ##
## confdefs.h. ##
## ----------- ##

/* confdefs.h */
#define PACKAGE_NAME "voxelizer"
#define PACKAGE_TARNAME "voxelizer"
#define PACKAGE_VERSION "0.1.0"
#define PACKAGE_STRING "voxelizer 0.1.0"
#define PACKAGE_BUGREPORT ""
#define PACKAGE_URL ""
#define PACKAGE "voxelizer"
#define VERSION "0.1.0"

configure: exit 0
